<?xml version="1.0" encoding="UTF-8"?>
<coverage generated="1674063043502" clover="3.2.0">
  <project timestamp="1674063043503" name="All files">
    <metrics statements="149" coveredstatements="125" conditionals="54" coveredconditionals="47" methods="68" coveredmethods="49" elements="271" coveredelements="221" complexity="0" loc="149" ncloc="149" packages="5" files="18" classes="18"/>
    <package name="src">
      <metrics statements="1" coveredstatements="0" conditionals="0" coveredconditionals="0" methods="0" coveredmethods="0"/>
      <file name="index.js" path="/home/njoe00/lighthouse1/W7/scheduler/src/index.js">
        <metrics statements="1" coveredstatements="0" conditionals="0" coveredconditionals="0" methods="0" coveredmethods="0"/>
        <line num="8" count="0" type="stmt"/>
      </file>
    </package>
    <package name="src.components">
      <metrics statements="32" coveredstatements="31" conditionals="8" coveredconditionals="7" methods="12" coveredmethods="11"/>
      <file name="Application.js" path="/home/njoe00/lighthouse1/W7/scheduler/src/components/Application.js">
        <metrics statements="8" coveredstatements="8" conditionals="0" coveredconditionals="0" methods="2" coveredmethods="2"/>
        <line num="6" count="1" type="stmt"/>
        <line num="9" count="3" type="stmt"/>
        <line num="12" count="3" type="stmt"/>
        <line num="13" count="3" type="stmt"/>
        <line num="15" count="3" type="stmt"/>
        <line num="16" count="4" type="stmt"/>
        <line num="17" count="4" type="stmt"/>
        <line num="30" count="3" type="stmt"/>
      </file>
      <file name="Button.js" path="/home/njoe00/lighthouse1/W7/scheduler/src/components/Button.js">
        <metrics statements="2" coveredstatements="2" conditionals="0" coveredconditionals="0" methods="1" coveredmethods="1"/>
        <line num="6" count="34" type="stmt"/>
        <line num="11" count="34" type="stmt"/>
      </file>
      <file name="DayList.js" path="/home/njoe00/lighthouse1/W7/scheduler/src/components/DayList.js">
        <metrics statements="3" coveredstatements="3" conditionals="0" coveredconditionals="0" methods="2" coveredmethods="2"/>
        <line num="5" count="3" type="stmt"/>
        <line num="7" count="4" type="stmt"/>
        <line num="17" count="3" type="stmt"/>
      </file>
      <file name="DayListItem.js" path="/home/njoe00/lighthouse1/W7/scheduler/src/components/DayListItem.js">
        <metrics statements="11" coveredstatements="10" conditionals="6" coveredconditionals="5" methods="3" coveredmethods="2"/>
        <line num="5" count="2" type="stmt"/>
        <line num="6" count="7" type="cond" truecount="2" falsecount="0"/>
        <line num="7" count="1" type="stmt"/>
        <line num="10" count="6" type="cond" truecount="2" falsecount="0"/>
        <line num="11" count="5" type="stmt"/>
        <line num="14" count="1" type="cond" truecount="1" falsecount="1"/>
        <line num="15" count="1" type="stmt"/>
        <line num="22" count="7" type="stmt"/>
        <line num="24" count="7" type="stmt"/>
        <line num="30" count="7" type="stmt"/>
        <line num="32" count="0" type="stmt"/>
      </file>
      <file name="InterviewerList.js" path="/home/njoe00/lighthouse1/W7/scheduler/src/components/InterviewerList.js">
        <metrics statements="5" coveredstatements="5" conditionals="0" coveredconditionals="0" methods="3" coveredmethods="3"/>
        <line num="10" count="14" type="stmt"/>
        <line num="11" count="17" type="stmt"/>
        <line num="17" count="1" type="stmt"/>
        <line num="22" count="14" type="stmt"/>
        <line num="31" count="3" type="stmt"/>
      </file>
      <file name="InterviewerListItem.js" path="/home/njoe00/lighthouse1/W7/scheduler/src/components/InterviewerListItem.js">
        <metrics statements="3" coveredstatements="3" conditionals="2" coveredconditionals="2" methods="1" coveredmethods="1"/>
        <line num="6" count="17" type="stmt"/>
        <line num="10" count="17" type="stmt"/>
        <line num="15" count="17" type="stmt"/>
      </file>
    </package>
    <package name="src.components.Appointment">
      <metrics statements="53" coveredstatements="40" conditionals="35" coveredconditionals="29" methods="27" coveredmethods="15"/>
      <file name="Confirm.js" path="/home/njoe00/lighthouse1/W7/scheduler/src/components/Appointment/Confirm.js">
        <metrics statements="1" coveredstatements="0" conditionals="0" coveredconditionals="0" methods="1" coveredmethods="0"/>
        <line num="5" count="0" type="stmt"/>
      </file>
      <file name="Empty.js" path="/home/njoe00/lighthouse1/W7/scheduler/src/components/Appointment/Empty.js">
        <metrics statements="1" coveredstatements="1" conditionals="0" coveredconditionals="0" methods="1" coveredmethods="1"/>
        <line num="4" count="1" type="stmt"/>
      </file>
      <file name="Error.js" path="/home/njoe00/lighthouse1/W7/scheduler/src/components/Appointment/Error.js">
        <metrics statements="1" coveredstatements="0" conditionals="0" coveredconditionals="0" methods="1" coveredmethods="0"/>
        <line num="4" count="0" type="stmt"/>
      </file>
      <file name="Form.js" path="/home/njoe00/lighthouse1/W7/scheduler/src/components/Appointment/Form.js">
        <metrics statements="19" coveredstatements="18" conditionals="6" coveredconditionals="6" methods="8" coveredmethods="7"/>
        <line num="9" count="14" type="cond" truecount="2" falsecount="0"/>
        <line num="10" count="14" type="cond" truecount="2" falsecount="0"/>
        <line num="11" count="14" type="stmt"/>
        <line num="13" count="14" type="stmt"/>
        <line num="14" count="1" type="stmt"/>
        <line num="15" count="1" type="stmt"/>
        <line num="18" count="14" type="stmt"/>
        <line num="19" count="1" type="stmt"/>
        <line num="20" count="1" type="stmt"/>
        <line num="25" count="5" type="cond" truecount="2" falsecount="0"/>
        <line num="26" count="2" type="stmt"/>
        <line num="27" count="2" type="stmt"/>
        <line num="30" count="3" type="stmt"/>
        <line num="31" count="3" type="stmt"/>
        <line num="34" count="14" type="stmt"/>
        <line num="37" count="0" type="stmt"/>
        <line num="44" count="3" type="stmt"/>
        <line num="58" count="1" type="stmt"/>
        <line num="59" count="5" type="stmt"/>
      </file>
      <file name="Header.js" path="/home/njoe00/lighthouse1/W7/scheduler/src/components/Appointment/Header.js">
        <metrics statements="1" coveredstatements="1" conditionals="0" coveredconditionals="0" methods="1" coveredmethods="1"/>
        <line num="6" count="8" type="stmt"/>
      </file>
      <file name="Show.js" path="/home/njoe00/lighthouse1/W7/scheduler/src/components/Appointment/Show.js">
        <metrics statements="3" coveredstatements="3" conditionals="5" coveredconditionals="5" methods="1" coveredmethods="1"/>
        <line num="5" count="3" type="cond" truecount="2" falsecount="0"/>
        <line num="6" count="3" type="cond" truecount="3" falsecount="0"/>
        <line num="7" count="3" type="stmt"/>
      </file>
      <file name="Status.js" path="/home/njoe00/lighthouse1/W7/scheduler/src/components/Appointment/Status.js">
        <metrics statements="1" coveredstatements="1" conditionals="0" coveredconditionals="0" methods="1" coveredmethods="1"/>
        <line num="5" count="3" type="stmt"/>
      </file>
      <file name="index.js" path="/home/njoe00/lighthouse1/W7/scheduler/src/components/Appointment/index.js">
        <metrics statements="26" coveredstatements="16" conditionals="24" coveredconditionals="18" methods="13" coveredmethods="4"/>
        <line num="12" count="2" type="stmt"/>
        <line num="13" count="2" type="stmt"/>
        <line num="14" count="2" type="stmt"/>
        <line num="15" count="2" type="stmt"/>
        <line num="16" count="2" type="stmt"/>
        <line num="17" count="2" type="stmt"/>
        <line num="18" count="2" type="stmt"/>
        <line num="19" count="2" type="stmt"/>
        <line num="20" count="2" type="stmt"/>
        <line num="24" count="8" type="stmt"/>
        <line num="30" count="1" type="stmt"/>
        <line num="35" count="1" type="stmt"/>
        <line num="37" count="1" type="stmt"/>
        <line num="38" count="1" type="stmt"/>
        <line num="39" count="0" type="stmt"/>
        <line num="43" count="0" type="stmt"/>
        <line num="44" count="0" type="stmt"/>
        <line num="45" count="0" type="stmt"/>
        <line num="46" count="0" type="stmt"/>
        <line num="49" count="8" type="stmt"/>
        <line num="52" count="1" type="cond" truecount="2" falsecount="0"/>
        <line num="58" count="0" type="stmt"/>
        <line num="59" count="0" type="stmt"/>
        <line num="67" count="0" type="stmt"/>
        <line num="74" count="0" type="stmt"/>
        <line num="83" count="0" type="stmt"/>
      </file>
    </package>
    <package name="src.helpers">
      <metrics statements="24" coveredstatements="24" conditionals="6" coveredconditionals="6" methods="11" coveredmethods="11"/>
      <file name="selectors.js" path="/home/njoe00/lighthouse1/W7/scheduler/src/helpers/selectors.js">
        <metrics statements="24" coveredstatements="24" conditionals="6" coveredconditionals="6" methods="11" coveredmethods="11"/>
        <line num="4" count="2" type="stmt"/>
        <line num="6" count="9" type="stmt"/>
        <line num="8" count="9" type="stmt"/>
        <line num="9" count="14" type="cond" truecount="2" falsecount="0"/>
        <line num="10" count="12" type="stmt"/>
        <line num="14" count="9" type="stmt"/>
        <line num="15" count="12" type="stmt"/>
        <line num="16" count="9" type="stmt"/>
        <line num="18" count="9" type="stmt"/>
        <line num="22" count="2" type="stmt"/>
        <line num="23" count="6" type="cond" truecount="2" falsecount="0"/>
        <line num="24" count="2" type="stmt"/>
        <line num="26" count="4" type="stmt"/>
        <line num="28" count="4" type="stmt"/>
        <line num="32" count="4" type="stmt"/>
        <line num="36" count="2" type="stmt"/>
        <line num="38" count="7" type="stmt"/>
        <line num="39" count="7" type="stmt"/>
        <line num="40" count="10" type="cond" truecount="2" falsecount="0"/>
        <line num="41" count="12" type="stmt"/>
        <line num="45" count="7" type="stmt"/>
        <line num="46" count="12" type="stmt"/>
        <line num="47" count="7" type="stmt"/>
        <line num="49" count="7" type="stmt"/>
      </file>
    </package>
    <package name="src.hooks">
      <metrics statements="39" coveredstatements="30" conditionals="5" coveredconditionals="5" methods="18" coveredmethods="12"/>
      <file name="useVisualMode.js" path="/home/njoe00/lighthouse1/W7/scheduler/src/hooks/useVisualMode.js">
        <metrics statements="15" coveredstatements="15" conditionals="5" coveredconditionals="5" methods="5" coveredmethods="5"/>
        <line num="4" count="22" type="stmt"/>
        <line num="5" count="22" type="stmt"/>
        <line num="7" count="22" type="cond" truecount="1" falsecount="0"/>
        <line num="8" count="8" type="cond" truecount="2" falsecount="0"/>
        <line num="9" count="1" type="stmt"/>
        <line num="10" count="1" type="stmt"/>
        <line num="11" count="1" type="stmt"/>
        <line num="12" count="1" type="stmt"/>
        <line num="15" count="7" type="stmt"/>
        <line num="17" count="8" type="stmt"/>
        <line num="20" count="22" type="stmt"/>
        <line num="21" count="5" type="cond" truecount="2" falsecount="0"/>
        <line num="22" count="3" type="stmt"/>
        <line num="23" count="3" type="stmt"/>
        <line num="27" count="22" type="stmt"/>
      </file>
      <file name="userApplicationData.js" path="/home/njoe00/lighthouse1/W7/scheduler/src/hooks/userApplicationData.js">
        <metrics statements="24" coveredstatements="15" conditionals="0" coveredconditionals="0" methods="13" coveredmethods="7"/>
        <line num="5" count="3" type="stmt"/>
        <line num="12" count="3" type="stmt"/>
        <line num="13" count="0" type="stmt"/>
        <line num="14" count="0" type="stmt"/>
        <line num="15" count="0" type="stmt"/>
        <line num="18" count="3" type="stmt"/>
        <line num="19" count="1" type="stmt"/>
        <line num="24" count="1" type="stmt"/>
        <line num="25" count="1" type="stmt"/>
        <line num="31" count="1" type="stmt"/>
        <line num="37" count="0" type="stmt"/>
        <line num="42" count="0" type="stmt"/>
        <line num="47" count="0" type="stmt"/>
        <line num="48" count="0" type="stmt"/>
        <line num="49" count="0" type="stmt"/>
        <line num="50" count="0" type="stmt"/>
        <line num="58" count="1" type="stmt"/>
        <line num="60" count="1" type="stmt"/>
        <line num="65" count="1" type="stmt"/>
        <line num="70" count="1" type="stmt"/>
        <line num="71" count="1" type="stmt"/>
        <line num="72" count="1" type="stmt"/>
        <line num="73" count="1" type="stmt"/>
        <line num="78" count="3" type="stmt"/>
      </file>
    </package>
  </project>
</coverage>
