{"/home/njoe00/lighthouse1/W7/scheduler/src/index.js": {"path":"/home/njoe00/lighthouse1/W7/scheduler/src/index.js","statementMap":{"0":{"start":{"line":8,"column":0},"end":{"line":8,"column":66}}},"fnMap":{},"branchMap":{},"s":{"0":0},"f":{},"b":{},"hash":"2dd97bbd2189c51478f34f91e8b9794e114e1d9b"}
,"/home/njoe00/lighthouse1/W7/scheduler/src/components/Application.js": {"path":"/home/njoe00/lighthouse1/W7/scheduler/src/components/Application.js","statementMap":{"0":{"start":{"line":6,"column":71},"end":{"line":6,"column":102}},"1":{"start":{"line":9,"column":58},"end":{"line":9,"column":78}},"2":{"start":{"line":12,"column":23},"end":{"line":12,"column":62}},"3":{"start":{"line":13,"column":23},"end":{"line":13,"column":62}},"4":{"start":{"line":15,"column":20},"end":{"line":28,"column":4}},"5":{"start":{"line":16,"column":22},"end":{"line":16,"column":64}},"6":{"start":{"line":17,"column":4},"end":{"line":27,"column":5}},"7":{"start":{"line":30,"column":2},"end":{"line":56,"column":4}}},"fnMap":{"0":{"name":"Application","decl":{"start":{"line":8,"column":24},"end":{"line":8,"column":35}},"loc":{"start":{"line":8,"column":38},"end":{"line":57,"column":1}},"line":8},"1":{"name":"(anonymous_1)","decl":{"start":{"line":15,"column":37},"end":{"line":15,"column":38}},"loc":{"start":{"line":15,"column":52},"end":{"line":28,"column":3}},"line":15}},"branchMap":{},"s":{"0":1,"1":3,"2":3,"3":3,"4":3,"5":4,"6":4,"7":3},"f":{"0":3,"1":4},"b":{},"_coverageSchema":"43e27e138ebf9cfc5966b082cf9a028302ed4184","hash":"1383f5074c3c544168ff086684ac1572094cbd53"}
,"/home/njoe00/lighthouse1/W7/scheduler/src/components/Button.js": {"path":"/home/njoe00/lighthouse1/W7/scheduler/src/components/Button.js","statementMap":{"0":{"start":{"line":6,"column":23},"end":{"line":9,"column":5}},"1":{"start":{"line":11,"column":3},"end":{"line":19,"column":5}}},"fnMap":{"0":{"name":"Button","decl":{"start":{"line":5,"column":24},"end":{"line":5,"column":30}},"loc":{"start":{"line":5,"column":38},"end":{"line":21,"column":2}},"line":5}},"branchMap":{},"s":{"0":34,"1":34},"f":{"0":34},"b":{},"_coverageSchema":"43e27e138ebf9cfc5966b082cf9a028302ed4184","hash":"80978a99f6287dffc6e8fd0ab75a04db98d50f7a"}
,"/home/njoe00/lighthouse1/W7/scheduler/src/components/DayList.js": {"path":"/home/njoe00/lighthouse1/W7/scheduler/src/components/DayList.js","statementMap":{"0":{"start":{"line":5,"column":22},"end":{"line":16,"column":6}},"1":{"start":{"line":7,"column":8},"end":{"line":15,"column":9}},"2":{"start":{"line":17,"column":4},"end":{"line":17,"column":31}}},"fnMap":{"0":{"name":"DayList","decl":{"start":{"line":4,"column":24},"end":{"line":4,"column":31}},"loc":{"start":{"line":4,"column":40},"end":{"line":18,"column":1}},"line":4},"1":{"name":"(anonymous_1)","decl":{"start":{"line":5,"column":37},"end":{"line":5,"column":38}},"loc":{"start":{"line":5,"column":47},"end":{"line":16,"column":5}},"line":5}},"branchMap":{},"s":{"0":3,"1":4,"2":3},"f":{"0":3,"1":4},"b":{},"_coverageSchema":"43e27e138ebf9cfc5966b082cf9a028302ed4184","hash":"6bc06f381b26e03eeaaaeefd595a60a5955986d5"}
,"/home/njoe00/lighthouse1/W7/scheduler/src/components/DayListItem.js": {"path":"/home/njoe00/lighthouse1/W7/scheduler/src/components/DayListItem.js","statementMap":{"0":{"start":{"line":5,"column":20},"end":{"line":18,"column":1}},"1":{"start":{"line":6,"column":4},"end":{"line":8,"column":5}},"2":{"start":{"line":7,"column":8},"end":{"line":7,"column":36}},"3":{"start":{"line":10,"column":4},"end":{"line":12,"column":5}},"4":{"start":{"line":11,"column":8},"end":{"line":11,"column":41}},"5":{"start":{"line":14,"column":4},"end":{"line":16,"column":5}},"6":{"start":{"line":15,"column":8},"end":{"line":15,"column":42}},"7":{"start":{"line":22,"column":27},"end":{"line":22,"column":51}},"8":{"start":{"line":24,"column":21},"end":{"line":27,"column":6}},"9":{"start":{"line":30,"column":4},"end":{"line":36,"column":6}},"10":{"start":{"line":32,"column":27},"end":{"line":32,"column":51}}},"fnMap":{"0":{"name":"(anonymous_0)","decl":{"start":{"line":5,"column":20},"end":{"line":5,"column":21}},"loc":{"start":{"line":5,"column":31},"end":{"line":18,"column":1}},"line":5},"1":{"name":"DayListItem","decl":{"start":{"line":20,"column":24},"end":{"line":20,"column":35}},"loc":{"start":{"line":20,"column":43},"end":{"line":37,"column":1}},"line":20},"2":{"name":"(anonymous_2)","decl":{"start":{"line":32,"column":21},"end":{"line":32,"column":22}},"loc":{"start":{"line":32,"column":27},"end":{"line":32,"column":51}},"line":32}},"branchMap":{"0":{"loc":{"start":{"line":6,"column":4},"end":{"line":8,"column":5}},"type":"if","locations":[{"start":{"line":6,"column":4},"end":{"line":8,"column":5}},{"start":{"line":6,"column":4},"end":{"line":8,"column":5}}],"line":6},"1":{"loc":{"start":{"line":10,"column":4},"end":{"line":12,"column":5}},"type":"if","locations":[{"start":{"line":10,"column":4},"end":{"line":12,"column":5}},{"start":{"line":10,"column":4},"end":{"line":12,"column":5}}],"line":10},"2":{"loc":{"start":{"line":14,"column":4},"end":{"line":16,"column":5}},"type":"if","locations":[{"start":{"line":14,"column":4},"end":{"line":16,"column":5}},{"start":{"line":14,"column":4},"end":{"line":16,"column":5}}],"line":14}},"s":{"0":2,"1":7,"2":1,"3":6,"4":5,"5":1,"6":1,"7":7,"8":7,"9":7,"10":0},"f":{"0":7,"1":7,"2":0},"b":{"0":[1,6],"1":[5,1],"2":[1,0]},"_coverageSchema":"43e27e138ebf9cfc5966b082cf9a028302ed4184","hash":"3db4462f6278820d2fcc17ed7267a4cead97252a"}
,"/home/njoe00/lighthouse1/W7/scheduler/src/components/InterviewerList.js": {"path":"/home/njoe00/lighthouse1/W7/scheduler/src/components/InterviewerList.js","statementMap":{"0":{"start":{"line":10,"column":28},"end":{"line":20,"column":6}},"1":{"start":{"line":11,"column":8},"end":{"line":19,"column":9}},"2":{"start":{"line":17,"column":38},"end":{"line":17,"column":71}},"3":{"start":{"line":22,"column":4},"end":{"line":28,"column":5}},"4":{"start":{"line":31,"column":0},"end":{"line":33,"column":1}}},"fnMap":{"0":{"name":"InterviewerList","decl":{"start":{"line":8,"column":24},"end":{"line":8,"column":39}},"loc":{"start":{"line":8,"column":48},"end":{"line":29,"column":1}},"line":8},"1":{"name":"(anonymous_1)","decl":{"start":{"line":10,"column":51},"end":{"line":10,"column":52}},"loc":{"start":{"line":10,"column":69},"end":{"line":20,"column":5}},"line":10},"2":{"name":"(anonymous_2)","decl":{"start":{"line":17,"column":32},"end":{"line":17,"column":33}},"loc":{"start":{"line":17,"column":38},"end":{"line":17,"column":71}},"line":17}},"branchMap":{},"s":{"0":14,"1":17,"2":1,"3":14,"4":3},"f":{"0":14,"1":17,"2":1},"b":{},"_coverageSchema":"43e27e138ebf9cfc5966b082cf9a028302ed4184","hash":"7143d410b46a39ed5ead9044fc18cf614c611b42"}
,"/home/njoe00/lighthouse1/W7/scheduler/src/components/InterviewerListItem.js": {"path":"/home/njoe00/lighthouse1/W7/scheduler/src/components/InterviewerListItem.js","statementMap":{"0":{"start":{"line":6,"column":29},"end":{"line":8,"column":7}},"1":{"start":{"line":10,"column":23},"end":{"line":12,"column":6}},"2":{"start":{"line":15,"column":4},"end":{"line":26,"column":5}}},"fnMap":{"0":{"name":"InterviewerListItem","decl":{"start":{"line":5,"column":24},"end":{"line":5,"column":43}},"loc":{"start":{"line":5,"column":51},"end":{"line":27,"column":1}},"line":5}},"branchMap":{"0":{"loc":{"start":{"line":24,"column":13},"end":{"line":24,"column":41}},"type":"binary-expr","locations":[{"start":{"line":24,"column":13},"end":{"line":24,"column":27}},{"start":{"line":24,"column":31},"end":{"line":24,"column":41}}],"line":24}},"s":{"0":17,"1":17,"2":17},"f":{"0":17},"b":{"0":[17,5]},"_coverageSchema":"43e27e138ebf9cfc5966b082cf9a028302ed4184","hash":"cb7ed10bc22643c7bf990c49a8f310c39ee7b970"}
,"/home/njoe00/lighthouse1/W7/scheduler/src/components/Appointment/Confirm.js": {"path":"/home/njoe00/lighthouse1/W7/scheduler/src/components/Appointment/Confirm.js","statementMap":{"0":{"start":{"line":5,"column":4},"end":{"line":13,"column":5}}},"fnMap":{"0":{"name":"Confirm","decl":{"start":{"line":4,"column":24},"end":{"line":4,"column":31}},"loc":{"start":{"line":4,"column":39},"end":{"line":14,"column":1}},"line":4}},"branchMap":{},"s":{"0":0},"f":{"0":0},"b":{},"_coverageSchema":"43e27e138ebf9cfc5966b082cf9a028302ed4184","hash":"fc091bba1a27e8f1dec4ac45a666af17fa03b81c"}
,"/home/njoe00/lighthouse1/W7/scheduler/src/components/Appointment/Empty.js": {"path":"/home/njoe00/lighthouse1/W7/scheduler/src/components/Appointment/Empty.js","statementMap":{"0":{"start":{"line":4,"column":4},"end":{"line":13,"column":5}}},"fnMap":{"0":{"name":"Empty","decl":{"start":{"line":3,"column":24},"end":{"line":3,"column":29}},"loc":{"start":{"line":3,"column":37},"end":{"line":14,"column":1}},"line":3}},"branchMap":{},"s":{"0":1},"f":{"0":1},"b":{},"_coverageSchema":"43e27e138ebf9cfc5966b082cf9a028302ed4184","hash":"2532bb0470e5fbce92a7ef4c58e62c83f5ed33cc"}
,"/home/njoe00/lighthouse1/W7/scheduler/src/components/Appointment/Error.js": {"path":"/home/njoe00/lighthouse1/W7/scheduler/src/components/Appointment/Error.js","statementMap":{"0":{"start":{"line":4,"column":4},"end":{"line":17,"column":5}}},"fnMap":{"0":{"name":"Error","decl":{"start":{"line":3,"column":24},"end":{"line":3,"column":29}},"loc":{"start":{"line":3,"column":37},"end":{"line":18,"column":1}},"line":3}},"branchMap":{},"s":{"0":0},"f":{"0":0},"b":{},"_coverageSchema":"43e27e138ebf9cfc5966b082cf9a028302ed4184","hash":"a1e31f1ed35b7b85e591df43425b3cd1f7dfe3b4"}
,"/home/njoe00/lighthouse1/W7/scheduler/src/components/Appointment/Form.js": {"path":"/home/njoe00/lighthouse1/W7/scheduler/src/components/Appointment/Form.js","statementMap":{"0":{"start":{"line":9,"column":31},"end":{"line":9,"column":57}},"1":{"start":{"line":10,"column":42},"end":{"line":10,"column":77}},"2":{"start":{"line":11,"column":30},"end":{"line":11,"column":42}},"3":{"start":{"line":13,"column":18},"end":{"line":16,"column":5}},"4":{"start":{"line":14,"column":8},"end":{"line":14,"column":23}},"5":{"start":{"line":15,"column":8},"end":{"line":15,"column":29}},"6":{"start":{"line":18,"column":19},"end":{"line":21,"column":5}},"7":{"start":{"line":19,"column":8},"end":{"line":19,"column":16}},"8":{"start":{"line":20,"column":8},"end":{"line":20,"column":25}},"9":{"start":{"line":25,"column":8},"end":{"line":28,"column":9}},"10":{"start":{"line":26,"column":12},"end":{"line":26,"column":53}},"11":{"start":{"line":27,"column":12},"end":{"line":27,"column":19}},"12":{"start":{"line":30,"column":8},"end":{"line":30,"column":21}},"13":{"start":{"line":31,"column":8},"end":{"line":31,"column":40}},"14":{"start":{"line":34,"column":4},"end":{"line":63,"column":5}},"15":{"start":{"line":37,"column":60},"end":{"line":37,"column":82}},"16":{"start":{"line":44,"column":41},"end":{"line":44,"column":67}},"17":{"start":{"line":58,"column":43},"end":{"line":58,"column":51}},"18":{"start":{"line":59,"column":46},"end":{"line":59,"column":56}}},"fnMap":{"0":{"name":"Form","decl":{"start":{"line":7,"column":24},"end":{"line":7,"column":28}},"loc":{"start":{"line":7,"column":36},"end":{"line":64,"column":1}},"line":7},"1":{"name":"(anonymous_1)","decl":{"start":{"line":13,"column":18},"end":{"line":13,"column":19}},"loc":{"start":{"line":13,"column":24},"end":{"line":16,"column":5}},"line":13},"2":{"name":"(anonymous_2)","decl":{"start":{"line":18,"column":19},"end":{"line":18,"column":20}},"loc":{"start":{"line":18,"column":25},"end":{"line":21,"column":5}},"line":18},"3":{"name":"validate","decl":{"start":{"line":23,"column":13},"end":{"line":23,"column":21}},"loc":{"start":{"line":23,"column":24},"end":{"line":32,"column":5}},"line":23},"4":{"name":"(anonymous_4)","decl":{"start":{"line":37,"column":51},"end":{"line":37,"column":52}},"loc":{"start":{"line":37,"column":60},"end":{"line":37,"column":82}},"line":37},"5":{"name":"(anonymous_5)","decl":{"start":{"line":44,"column":34},"end":{"line":44,"column":35}},"loc":{"start":{"line":44,"column":41},"end":{"line":44,"column":67}},"line":44},"6":{"name":"(anonymous_6)","decl":{"start":{"line":58,"column":37},"end":{"line":58,"column":38}},"loc":{"start":{"line":58,"column":43},"end":{"line":58,"column":51}},"line":58},"7":{"name":"(anonymous_7)","decl":{"start":{"line":59,"column":37},"end":{"line":59,"column":38}},"loc":{"start":{"line":59,"column":46},"end":{"line":59,"column":56}},"line":59}},"branchMap":{"0":{"loc":{"start":{"line":9,"column":40},"end":{"line":9,"column":56}},"type":"binary-expr","locations":[{"start":{"line":9,"column":40},"end":{"line":9,"column":50}},{"start":{"line":9,"column":54},"end":{"line":9,"column":56}}],"line":9},"1":{"loc":{"start":{"line":10,"column":51},"end":{"line":10,"column":76}},"type":"binary-expr","locations":[{"start":{"line":10,"column":51},"end":{"line":10,"column":68}},{"start":{"line":10,"column":72},"end":{"line":10,"column":76}}],"line":10},"2":{"loc":{"start":{"line":25,"column":8},"end":{"line":28,"column":9}},"type":"if","locations":[{"start":{"line":25,"column":8},"end":{"line":28,"column":9}},{"start":{"line":25,"column":8},"end":{"line":28,"column":9}}],"line":25}},"s":{"0":14,"1":14,"2":14,"3":14,"4":1,"5":1,"6":14,"7":1,"8":1,"9":5,"10":2,"11":2,"12":3,"13":3,"14":14,"15":0,"16":3,"17":1,"18":5},"f":{"0":14,"1":1,"2":1,"3":5,"4":0,"5":3,"6":1,"7":5},"b":{"0":[14,10],"1":[14,10],"2":[2,3]},"_coverageSchema":"43e27e138ebf9cfc5966b082cf9a028302ed4184","hash":"4abeff65b094fd7c47490a1ae3c244e7b4e9c86a"}
,"/home/njoe00/lighthouse1/W7/scheduler/src/components/Appointment/Header.js": {"path":"/home/njoe00/lighthouse1/W7/scheduler/src/components/Appointment/Header.js","statementMap":{"0":{"start":{"line":6,"column":4},"end":{"line":11,"column":5}}},"fnMap":{"0":{"name":"Header","decl":{"start":{"line":5,"column":24},"end":{"line":5,"column":30}},"loc":{"start":{"line":5,"column":38},"end":{"line":12,"column":1}},"line":5}},"branchMap":{},"s":{"0":8},"f":{"0":8},"b":{},"_coverageSchema":"43e27e138ebf9cfc5966b082cf9a028302ed4184","hash":"1d4f030bb10bafc7b8fc6bc691ddcba4fff6b09d"}
,"/home/njoe00/lighthouse1/W7/scheduler/src/components/Appointment/Show.js": {"path":"/home/njoe00/lighthouse1/W7/scheduler/src/components/Appointment/Show.js","statementMap":{"0":{"start":{"line":5,"column":20},"end":{"line":5,"column":62}},"1":{"start":{"line":6,"column":28},"end":{"line":6,"column":110}},"2":{"start":{"line":7,"column":4},"end":{"line":33,"column":5}}},"fnMap":{"0":{"name":"shows","decl":{"start":{"line":4,"column":24},"end":{"line":4,"column":29}},"loc":{"start":{"line":4,"column":37},"end":{"line":34,"column":1}},"line":4}},"branchMap":{"0":{"loc":{"start":{"line":5,"column":20},"end":{"line":5,"column":62}},"type":"binary-expr","locations":[{"start":{"line":5,"column":20},"end":{"line":5,"column":35}},{"start":{"line":5,"column":39},"end":{"line":5,"column":62}}],"line":5},"1":{"loc":{"start":{"line":6,"column":28},"end":{"line":6,"column":110}},"type":"binary-expr","locations":[{"start":{"line":6,"column":28},"end":{"line":6,"column":43}},{"start":{"line":6,"column":47},"end":{"line":6,"column":74}},{"start":{"line":6,"column":78},"end":{"line":6,"column":110}}],"line":6}},"s":{"0":3,"1":3,"2":3},"f":{"0":3},"b":{"0":[3,3],"1":[3,3,3]},"_coverageSchema":"43e27e138ebf9cfc5966b082cf9a028302ed4184","hash":"29077bfef1d34bab9671fdff27f2831dc126ba9a"}
,"/home/njoe00/lighthouse1/W7/scheduler/src/components/Appointment/Status.js": {"path":"/home/njoe00/lighthouse1/W7/scheduler/src/components/Appointment/Status.js","statementMap":{"0":{"start":{"line":5,"column":4},"end":{"line":14,"column":5}}},"fnMap":{"0":{"name":"Status","decl":{"start":{"line":4,"column":24},"end":{"line":4,"column":30}},"loc":{"start":{"line":4,"column":38},"end":{"line":16,"column":1}},"line":4}},"branchMap":{},"s":{"0":3},"f":{"0":3},"b":{},"_coverageSchema":"43e27e138ebf9cfc5966b082cf9a028302ed4184","hash":"43168a7bdde2b55a0b993a24e3590fa85b28bdf2"}
,"/home/njoe00/lighthouse1/W7/scheduler/src/components/Appointment/index.js": {"path":"/home/njoe00/lighthouse1/W7/scheduler/src/components/Appointment/index.js","statementMap":{"0":{"start":{"line":12,"column":14},"end":{"line":12,"column":21}},"1":{"start":{"line":13,"column":13},"end":{"line":13,"column":19}},"2":{"start":{"line":14,"column":15},"end":{"line":14,"column":23}},"3":{"start":{"line":15,"column":15},"end":{"line":15,"column":23}},"4":{"start":{"line":16,"column":17},"end":{"line":16,"column":27}},"5":{"start":{"line":17,"column":16},"end":{"line":17,"column":25}},"6":{"start":{"line":18,"column":13},"end":{"line":18,"column":19}},"7":{"start":{"line":19,"column":19},"end":{"line":19,"column":31}},"8":{"start":{"line":20,"column":21},"end":{"line":20,"column":35}},"9":{"start":{"line":24,"column":37},"end":{"line":26,"column":5}},"10":{"start":{"line":30,"column":26},"end":{"line":33,"column":11}},"11":{"start":{"line":35,"column":8},"end":{"line":35,"column":27}},"12":{"start":{"line":37,"column":8},"end":{"line":39,"column":52}},"13":{"start":{"line":38,"column":21},"end":{"line":38,"column":37}},"14":{"start":{"line":39,"column":22},"end":{"line":39,"column":50}},"15":{"start":{"line":43,"column":8},"end":{"line":43,"column":35}},"16":{"start":{"line":44,"column":8},"end":{"line":46,"column":54}},"17":{"start":{"line":45,"column":22},"end":{"line":45,"column":39}},"18":{"start":{"line":46,"column":22},"end":{"line":46,"column":52}},"19":{"start":{"line":49,"column":6},"end":{"line":93,"column":5}},"20":{"start":{"line":52,"column":55},"end":{"line":52,"column":73}},"21":{"start":{"line":58,"column":40},"end":{"line":58,"column":59}},"22":{"start":{"line":59,"column":38},"end":{"line":59,"column":54}},"23":{"start":{"line":67,"column":40},"end":{"line":67,"column":51}},"24":{"start":{"line":74,"column":36},"end":{"line":74,"column":47}},"25":{"start":{"line":83,"column":36},"end":{"line":83,"column":42}}},"fnMap":{"0":{"name":"Appointment","decl":{"start":{"line":23,"column":24},"end":{"line":23,"column":35}},"loc":{"start":{"line":23,"column":43},"end":{"line":94,"column":1}},"line":23},"1":{"name":"save","decl":{"start":{"line":28,"column":13},"end":{"line":28,"column":17}},"loc":{"start":{"line":28,"column":37},"end":{"line":40,"column":5}},"line":28},"2":{"name":"(anonymous_2)","decl":{"start":{"line":38,"column":14},"end":{"line":38,"column":15}},"loc":{"start":{"line":38,"column":20},"end":{"line":38,"column":38}},"line":38},"3":{"name":"(anonymous_3)","decl":{"start":{"line":39,"column":15},"end":{"line":39,"column":16}},"loc":{"start":{"line":39,"column":22},"end":{"line":39,"column":50}},"line":39},"4":{"name":"remove","decl":{"start":{"line":42,"column":13},"end":{"line":42,"column":19}},"loc":{"start":{"line":42,"column":22},"end":{"line":47,"column":5}},"line":42},"5":{"name":"(anonymous_5)","decl":{"start":{"line":45,"column":14},"end":{"line":45,"column":15}},"loc":{"start":{"line":45,"column":22},"end":{"line":45,"column":39}},"line":45},"6":{"name":"(anonymous_6)","decl":{"start":{"line":46,"column":15},"end":{"line":46,"column":16}},"loc":{"start":{"line":46,"column":22},"end":{"line":46,"column":52}},"line":46},"7":{"name":"(anonymous_7)","decl":{"start":{"line":52,"column":49},"end":{"line":52,"column":50}},"loc":{"start":{"line":52,"column":55},"end":{"line":52,"column":73}},"line":52},"8":{"name":"(anonymous_8)","decl":{"start":{"line":58,"column":34},"end":{"line":58,"column":35}},"loc":{"start":{"line":58,"column":40},"end":{"line":58,"column":59}},"line":58},"9":{"name":"(anonymous_9)","decl":{"start":{"line":59,"column":32},"end":{"line":59,"column":33}},"loc":{"start":{"line":59,"column":38},"end":{"line":59,"column":54}},"line":59},"10":{"name":"(anonymous_10)","decl":{"start":{"line":67,"column":34},"end":{"line":67,"column":35}},"loc":{"start":{"line":67,"column":40},"end":{"line":67,"column":51}},"line":67},"11":{"name":"(anonymous_11)","decl":{"start":{"line":74,"column":30},"end":{"line":74,"column":31}},"loc":{"start":{"line":74,"column":36},"end":{"line":74,"column":47}},"line":74},"12":{"name":"(anonymous_12)","decl":{"start":{"line":83,"column":30},"end":{"line":83,"column":31}},"loc":{"start":{"line":83,"column":36},"end":{"line":83,"column":42}},"line":83}},"branchMap":{"0":{"loc":{"start":{"line":25,"column":8},"end":{"line":25,"column":38}},"type":"cond-expr","locations":[{"start":{"line":25,"column":26},"end":{"line":25,"column":30}},{"start":{"line":25,"column":33},"end":{"line":25,"column":38}}],"line":25},"1":{"loc":{"start":{"line":52,"column":17},"end":{"line":52,"column":76}},"type":"binary-expr","locations":[{"start":{"line":52,"column":17},"end":{"line":52,"column":31}},{"start":{"line":52,"column":35},"end":{"line":52,"column":76}}],"line":52},"2":{"loc":{"start":{"line":53,"column":17},"end":{"line":61,"column":17}},"type":"binary-expr","locations":[{"start":{"line":53,"column":17},"end":{"line":53,"column":30}},{"start":{"line":54,"column":20},"end":{"line":60,"column":22}}],"line":53},"3":{"loc":{"start":{"line":55,"column":33},"end":{"line":55,"column":75}},"type":"binary-expr","locations":[{"start":{"line":55,"column":33},"end":{"line":55,"column":48}},{"start":{"line":55,"column":52},"end":{"line":55,"column":75}}],"line":55},"4":{"loc":{"start":{"line":56,"column":37},"end":{"line":56,"column":83}},"type":"binary-expr","locations":[{"start":{"line":56,"column":37},"end":{"line":56,"column":52}},{"start":{"line":56,"column":56},"end":{"line":56,"column":83}}],"line":56},"5":{"loc":{"start":{"line":62,"column":17},"end":{"line":62,"column":64}},"type":"binary-expr","locations":[{"start":{"line":62,"column":17},"end":{"line":62,"column":32}},{"start":{"line":62,"column":37},"end":{"line":62,"column":63}}],"line":62},"6":{"loc":{"start":{"line":63,"column":17},"end":{"line":70,"column":17}},"type":"binary-expr","locations":[{"start":{"line":63,"column":17},"end":{"line":63,"column":32}},{"start":{"line":64,"column":20},"end":{"line":69,"column":22}}],"line":63},"7":{"loc":{"start":{"line":71,"column":17},"end":{"line":76,"column":18}},"type":"binary-expr","locations":[{"start":{"line":71,"column":17},"end":{"line":71,"column":33}},{"start":{"line":72,"column":16},"end":{"line":76,"column":18}}],"line":71},"8":{"loc":{"start":{"line":77,"column":17},"end":{"line":77,"column":67}},"type":"binary-expr","locations":[{"start":{"line":77,"column":17},"end":{"line":77,"column":34}},{"start":{"line":77,"column":38},"end":{"line":77,"column":66}}],"line":77},"9":{"loc":{"start":{"line":78,"column":17},"end":{"line":85,"column":19}},"type":"binary-expr","locations":[{"start":{"line":78,"column":17},"end":{"line":78,"column":30}},{"start":{"line":79,"column":16},"end":{"line":85,"column":18}}],"line":78},"10":{"loc":{"start":{"line":80,"column":26},"end":{"line":80,"column":75}},"type":"cond-expr","locations":[{"start":{"line":80,"column":39},"end":{"line":80,"column":49}},{"start":{"line":80,"column":52},"end":{"line":80,"column":75}}],"line":80},"11":{"loc":{"start":{"line":86,"column":17},"end":{"line":91,"column":17}},"type":"binary-expr","locations":[{"start":{"line":86,"column":17},"end":{"line":86,"column":38}},{"start":{"line":87,"column":20},"end":{"line":90,"column":22}}],"line":86}},"s":{"0":2,"1":2,"2":2,"3":2,"4":2,"5":2,"6":2,"7":2,"8":2,"9":8,"10":1,"11":1,"12":1,"13":1,"14":0,"15":0,"16":0,"17":0,"18":0,"19":8,"20":1,"21":0,"22":0,"23":0,"24":0,"25":0},"f":{"0":8,"1":1,"2":1,"3":0,"4":0,"5":0,"6":0,"7":1,"8":0,"9":0,"10":0,"11":0,"12":0},"b":{"0":[5,3],"1":[8,1],"2":[8,3],"3":[3,3],"4":[3,3],"5":[8,3],"6":[8,1],"7":[8,0],"8":[8,0],"9":[8,0],"10":[0,0],"11":[8,0]},"_coverageSchema":"43e27e138ebf9cfc5966b082cf9a028302ed4184","hash":"5cc63470607ee334da600e49fd2e7fc95d3358a7"}
,"/home/njoe00/lighthouse1/W7/scheduler/src/helpers/selectors.js": {"path":"/home/njoe00/lighthouse1/W7/scheduler/src/helpers/selectors.js","statementMap":{"0":{"start":{"line":4,"column":37},"end":{"line":19,"column":1}},"1":{"start":{"line":6,"column":18},"end":{"line":6,"column":20}},"2":{"start":{"line":8,"column":4},"end":{"line":12,"column":6}},"3":{"start":{"line":9,"column":6},"end":{"line":11,"column":7}},"4":{"start":{"line":10,"column":8},"end":{"line":10,"column":65}},"5":{"start":{"line":10,"column":45},"end":{"line":10,"column":64}},"6":{"start":{"line":14,"column":21},"end":{"line":17,"column":5}},"7":{"start":{"line":15,"column":22},"end":{"line":15,"column":53}},"8":{"start":{"line":15,"column":36},"end":{"line":15,"column":52}},"9":{"start":{"line":16,"column":6},"end":{"line":16,"column":21}},"10":{"start":{"line":18,"column":4},"end":{"line":18,"column":49}},"11":{"start":{"line":22,"column":30},"end":{"line":33,"column":3}},"12":{"start":{"line":23,"column":4},"end":{"line":25,"column":5}},"13":{"start":{"line":24,"column":6},"end":{"line":24,"column":18}},"14":{"start":{"line":26,"column":26},"end":{"line":26,"column":55}},"15":{"start":{"line":28,"column":25},"end":{"line":31,"column":5}},"16":{"start":{"line":32,"column":4},"end":{"line":32,"column":24}},"17":{"start":{"line":36,"column":39},"end":{"line":50,"column":1}},"18":{"start":{"line":38,"column":27},"end":{"line":38,"column":29}},"19":{"start":{"line":39,"column":4},"end":{"line":43,"column":6}},"20":{"start":{"line":40,"column":6},"end":{"line":42,"column":7}},"21":{"start":{"line":41,"column":8},"end":{"line":41,"column":92}},"22":{"start":{"line":41,"column":54},"end":{"line":41,"column":91}},"23":{"start":{"line":45,"column":21},"end":{"line":48,"column":5}},"24":{"start":{"line":46,"column":22},"end":{"line":46,"column":50}},"25":{"start":{"line":46,"column":36},"end":{"line":46,"column":49}},"26":{"start":{"line":47,"column":6},"end":{"line":47,"column":21}},"27":{"start":{"line":49,"column":4},"end":{"line":49,"column":58}}},"fnMap":{"0":{"name":"(anonymous_0)","decl":{"start":{"line":4,"column":37},"end":{"line":4,"column":38}},"loc":{"start":{"line":4,"column":53},"end":{"line":19,"column":1}},"line":4},"1":{"name":"(anonymous_1)","decl":{"start":{"line":8,"column":19},"end":{"line":8,"column":20}},"loc":{"start":{"line":8,"column":29},"end":{"line":12,"column":5}},"line":8},"2":{"name":"(anonymous_2)","decl":{"start":{"line":10,"column":36},"end":{"line":10,"column":37}},"loc":{"start":{"line":10,"column":45},"end":{"line":10,"column":64}},"line":10},"3":{"name":"(anonymous_3)","decl":{"start":{"line":14,"column":21},"end":{"line":14,"column":22}},"loc":{"start":{"line":14,"column":44},"end":{"line":17,"column":5}},"line":14},"4":{"name":"(anonymous_4)","decl":{"start":{"line":15,"column":30},"end":{"line":15,"column":31}},"loc":{"start":{"line":15,"column":36},"end":{"line":15,"column":52}},"line":15},"5":{"name":"(anonymous_5)","decl":{"start":{"line":22,"column":30},"end":{"line":22,"column":31}},"loc":{"start":{"line":22,"column":52},"end":{"line":33,"column":3}},"line":22},"6":{"name":"(anonymous_6)","decl":{"start":{"line":36,"column":39},"end":{"line":36,"column":40}},"loc":{"start":{"line":36,"column":55},"end":{"line":50,"column":1}},"line":36},"7":{"name":"(anonymous_7)","decl":{"start":{"line":39,"column":23},"end":{"line":39,"column":24}},"loc":{"start":{"line":39,"column":33},"end":{"line":43,"column":5}},"line":39},"8":{"name":"(anonymous_8)","decl":{"start":{"line":41,"column":36},"end":{"line":41,"column":37}},"loc":{"start":{"line":41,"column":54},"end":{"line":41,"column":91}},"line":41},"9":{"name":"(anonymous_9)","decl":{"start":{"line":45,"column":21},"end":{"line":45,"column":22}},"loc":{"start":{"line":45,"column":41},"end":{"line":48,"column":5}},"line":45},"10":{"name":"(anonymous_10)","decl":{"start":{"line":46,"column":30},"end":{"line":46,"column":31}},"loc":{"start":{"line":46,"column":36},"end":{"line":46,"column":49}},"line":46}},"branchMap":{"0":{"loc":{"start":{"line":9,"column":6},"end":{"line":11,"column":7}},"type":"if","locations":[{"start":{"line":9,"column":6},"end":{"line":11,"column":7}},{"start":{"line":9,"column":6},"end":{"line":11,"column":7}}],"line":9},"1":{"loc":{"start":{"line":23,"column":4},"end":{"line":25,"column":5}},"type":"if","locations":[{"start":{"line":23,"column":4},"end":{"line":25,"column":5}},{"start":{"line":23,"column":4},"end":{"line":25,"column":5}}],"line":23},"2":{"loc":{"start":{"line":40,"column":6},"end":{"line":42,"column":7}},"type":"if","locations":[{"start":{"line":40,"column":6},"end":{"line":42,"column":7}},{"start":{"line":40,"column":6},"end":{"line":42,"column":7}}],"line":40}},"s":{"0":2,"1":9,"2":9,"3":14,"4":5,"5":12,"6":9,"7":9,"8":12,"9":9,"10":9,"11":2,"12":6,"13":2,"14":4,"15":4,"16":4,"17":2,"18":7,"19":7,"20":10,"21":5,"22":12,"23":7,"24":7,"25":12,"26":7,"27":7},"f":{"0":9,"1":14,"2":12,"3":9,"4":12,"5":6,"6":7,"7":10,"8":12,"9":7,"10":12},"b":{"0":[5,9],"1":[2,4],"2":[5,5]},"_coverageSchema":"43e27e138ebf9cfc5966b082cf9a028302ed4184","hash":"35baf2d3e0e2ae6783cdb8ab8bca1c6d900be458"}
,"/home/njoe00/lighthouse1/W7/scheduler/src/hooks/useVisualMode.js": {"path":"/home/njoe00/lighthouse1/W7/scheduler/src/hooks/useVisualMode.js","statementMap":{"0":{"start":{"line":4,"column":26},"end":{"line":4,"column":42}},"1":{"start":{"line":5,"column":32},"end":{"line":5,"column":50}},"2":{"start":{"line":7,"column":21},"end":{"line":18,"column":3}},"3":{"start":{"line":8,"column":4},"end":{"line":16,"column":5}},"4":{"start":{"line":9,"column":6},"end":{"line":13,"column":9}},"5":{"start":{"line":10,"column":31},"end":{"line":10,"column":48}},"6":{"start":{"line":11,"column":8},"end":{"line":11,"column":37}},"7":{"start":{"line":12,"column":8},"end":{"line":12,"column":30}},"8":{"start":{"line":15,"column":6},"end":{"line":15,"column":47}},"9":{"start":{"line":15,"column":27},"end":{"line":15,"column":45}},"10":{"start":{"line":17,"column":4},"end":{"line":17,"column":21}},"11":{"start":{"line":20,"column":15},"end":{"line":25,"column":3}},"12":{"start":{"line":21,"column":4},"end":{"line":24,"column":5}},"13":{"start":{"line":22,"column":6},"end":{"line":22,"column":39}},"14":{"start":{"line":23,"column":6},"end":{"line":23,"column":43}},"15":{"start":{"line":27,"column":2},"end":{"line":27,"column":36}}},"fnMap":{"0":{"name":"useVisualMode","decl":{"start":{"line":3,"column":24},"end":{"line":3,"column":37}},"loc":{"start":{"line":3,"column":46},"end":{"line":28,"column":1}},"line":3},"1":{"name":"(anonymous_1)","decl":{"start":{"line":7,"column":21},"end":{"line":7,"column":22}},"loc":{"start":{"line":7,"column":51},"end":{"line":18,"column":3}},"line":7},"2":{"name":"(anonymous_2)","decl":{"start":{"line":9,"column":17},"end":{"line":9,"column":18}},"loc":{"start":{"line":9,"column":27},"end":{"line":13,"column":7}},"line":9},"3":{"name":"(anonymous_3)","decl":{"start":{"line":15,"column":17},"end":{"line":15,"column":18}},"loc":{"start":{"line":15,"column":27},"end":{"line":15,"column":45}},"line":15},"4":{"name":"(anonymous_4)","decl":{"start":{"line":20,"column":15},"end":{"line":20,"column":16}},"loc":{"start":{"line":20,"column":21},"end":{"line":25,"column":3}},"line":20}},"branchMap":{"0":{"loc":{"start":{"line":7,"column":31},"end":{"line":7,"column":46}},"type":"default-arg","locations":[{"start":{"line":7,"column":41},"end":{"line":7,"column":46}}],"line":7},"1":{"loc":{"start":{"line":8,"column":4},"end":{"line":16,"column":5}},"type":"if","locations":[{"start":{"line":8,"column":4},"end":{"line":16,"column":5}},{"start":{"line":8,"column":4},"end":{"line":16,"column":5}}],"line":8},"2":{"loc":{"start":{"line":21,"column":4},"end":{"line":24,"column":5}},"type":"if","locations":[{"start":{"line":21,"column":4},"end":{"line":24,"column":5}},{"start":{"line":21,"column":4},"end":{"line":24,"column":5}}],"line":21}},"s":{"0":22,"1":22,"2":22,"3":8,"4":1,"5":1,"6":1,"7":1,"8":7,"9":7,"10":8,"11":22,"12":5,"13":3,"14":3,"15":22},"f":{"0":22,"1":8,"2":1,"3":7,"4":5},"b":{"0":[7],"1":[1,7],"2":[3,2]},"_coverageSchema":"43e27e138ebf9cfc5966b082cf9a028302ed4184","hash":"c051565663b7db3aafc68f7752a23429a6a60c1a"}
,"/home/njoe00/lighthouse1/W7/scheduler/src/hooks/userApplicationData.js": {"path":"/home/njoe00/lighthouse1/W7/scheduler/src/hooks/userApplicationData.js","statementMap":{"0":{"start":{"line":5,"column":28},"end":{"line":10,"column":4}},"1":{"start":{"line":12,"column":17},"end":{"line":16,"column":6}},"2":{"start":{"line":13,"column":4},"end":{"line":16,"column":6}},"3":{"start":{"line":14,"column":23},"end":{"line":14,"column":40}},"4":{"start":{"line":15,"column":6},"end":{"line":15,"column":22}},"5":{"start":{"line":18,"column":2},"end":{"line":34,"column":9}},"6":{"start":{"line":19,"column":4},"end":{"line":33,"column":7}},"7":{"start":{"line":24,"column":6},"end":{"line":32,"column":9}},"8":{"start":{"line":25,"column":25},"end":{"line":30,"column":9}},"9":{"start":{"line":31,"column":8},"end":{"line":31,"column":24}},"10":{"start":{"line":37,"column":24},"end":{"line":40,"column":5}},"11":{"start":{"line":42,"column":25},"end":{"line":45,"column":5}},"12":{"start":{"line":47,"column":4},"end":{"line":52,"column":7}},"13":{"start":{"line":48,"column":6},"end":{"line":51,"column":9}},"14":{"start":{"line":49,"column":25},"end":{"line":49,"column":51}},"15":{"start":{"line":50,"column":8},"end":{"line":50,"column":23}},"16":{"start":{"line":58,"column":4},"end":{"line":58,"column":31}},"17":{"start":{"line":60,"column":24},"end":{"line":63,"column":5}},"18":{"start":{"line":65,"column":25},"end":{"line":68,"column":5}},"19":{"start":{"line":70,"column":4},"end":{"line":75,"column":7}},"20":{"start":{"line":71,"column":6},"end":{"line":74,"column":9}},"21":{"start":{"line":72,"column":25},"end":{"line":72,"column":51}},"22":{"start":{"line":73,"column":8},"end":{"line":73,"column":23}},"23":{"start":{"line":78,"column":2},"end":{"line":83,"column":4}}},"fnMap":{"0":{"name":"useApplicationData","decl":{"start":{"line":4,"column":24},"end":{"line":4,"column":42}},"loc":{"start":{"line":4,"column":45},"end":{"line":84,"column":1}},"line":4},"1":{"name":"(anonymous_1)","decl":{"start":{"line":12,"column":17},"end":{"line":12,"column":18}},"loc":{"start":{"line":13,"column":4},"end":{"line":16,"column":6}},"line":13},"2":{"name":"(anonymous_2)","decl":{"start":{"line":13,"column":13},"end":{"line":13,"column":14}},"loc":{"start":{"line":13,"column":19},"end":{"line":16,"column":5}},"line":13},"3":{"name":"(anonymous_3)","decl":{"start":{"line":18,"column":12},"end":{"line":18,"column":13}},"loc":{"start":{"line":18,"column":18},"end":{"line":34,"column":3}},"line":18},"4":{"name":"(anonymous_4)","decl":{"start":{"line":23,"column":12},"end":{"line":23,"column":13}},"loc":{"start":{"line":23,"column":21},"end":{"line":33,"column":5}},"line":23},"5":{"name":"(anonymous_5)","decl":{"start":{"line":24,"column":15},"end":{"line":24,"column":16}},"loc":{"start":{"line":24,"column":25},"end":{"line":32,"column":7}},"line":24},"6":{"name":"cancelInterview","decl":{"start":{"line":36,"column":11},"end":{"line":36,"column":26}},"loc":{"start":{"line":36,"column":31},"end":{"line":53,"column":3}},"line":36},"7":{"name":"(anonymous_7)","decl":{"start":{"line":47,"column":69},"end":{"line":47,"column":70}},"loc":{"start":{"line":47,"column":78},"end":{"line":52,"column":5}},"line":47},"8":{"name":"(anonymous_8)","decl":{"start":{"line":48,"column":16},"end":{"line":48,"column":17}},"loc":{"start":{"line":48,"column":22},"end":{"line":51,"column":7}},"line":48},"9":{"name":"spotsRemaining","decl":{"start":{"line":55,"column":11},"end":{"line":55,"column":25}},"loc":{"start":{"line":55,"column":28},"end":{"line":55,"column":30}},"line":55},"10":{"name":"bookInterview","decl":{"start":{"line":57,"column":11},"end":{"line":57,"column":24}},"loc":{"start":{"line":57,"column":40},"end":{"line":76,"column":3}},"line":57},"11":{"name":"(anonymous_11)","decl":{"start":{"line":70,"column":66},"end":{"line":70,"column":67}},"loc":{"start":{"line":70,"column":75},"end":{"line":75,"column":5}},"line":70},"12":{"name":"(anonymous_12)","decl":{"start":{"line":71,"column":16},"end":{"line":71,"column":17}},"loc":{"start":{"line":71,"column":22},"end":{"line":74,"column":7}},"line":71}},"branchMap":{},"s":{"0":3,"1":3,"2":0,"3":0,"4":0,"5":3,"6":1,"7":1,"8":1,"9":1,"10":0,"11":0,"12":0,"13":0,"14":0,"15":0,"16":1,"17":1,"18":1,"19":1,"20":1,"21":1,"22":1,"23":3},"f":{"0":3,"1":0,"2":0,"3":1,"4":1,"5":1,"6":0,"7":0,"8":0,"9":0,"10":1,"11":1,"12":1},"b":{},"_coverageSchema":"43e27e138ebf9cfc5966b082cf9a028302ed4184","hash":"5713e9293dbfd9b8682b055d2a12b85223c00f56"}
}
