TN:
SF:/home/njoe00/lighthouse1/W7/scheduler/src/index.js
FNF:0
FNH:0
DA:8,0
LF:1
LH:0
BRF:0
BRH:0
end_of_record
TN:
SF:/home/njoe00/lighthouse1/W7/scheduler/src/components/Application.js
FN:8,Application
FN:15,(anonymous_1)
FNF:2
FNH:2
FNDA:3,Application
FNDA:4,(anonymous_1)
DA:6,1
DA:9,3
DA:12,3
DA:13,3
DA:15,3
DA:16,4
DA:17,4
DA:30,3
LF:8
LH:8
BRF:0
BRH:0
end_of_record
TN:
SF:/home/njoe00/lighthouse1/W7/scheduler/src/components/Button.js
FN:5,Button
FNF:1
FNH:1
FNDA:34,Button
DA:6,34
DA:11,34
LF:2
LH:2
BRF:0
BRH:0
end_of_record
TN:
SF:/home/njoe00/lighthouse1/W7/scheduler/src/components/DayList.js
FN:4,DayList
FN:5,(anonymous_1)
FNF:2
FNH:2
FNDA:3,DayList
FNDA:4,(anonymous_1)
DA:5,3
DA:7,4
DA:17,3
LF:3
LH:3
BRF:0
BRH:0
end_of_record
TN:
SF:/home/njoe00/lighthouse1/W7/scheduler/src/components/DayListItem.js
FN:5,(anonymous_0)
FN:20,DayListItem
FN:32,(anonymous_2)
FNF:3
FNH:2
FNDA:7,(anonymous_0)
FNDA:7,DayListItem
FNDA:0,(anonymous_2)
DA:5,2
DA:6,7
DA:7,1
DA:10,6
DA:11,5
DA:14,1
DA:15,1
DA:22,7
DA:24,7
DA:30,7
DA:32,0
LF:11
LH:10
BRDA:6,0,0,1
BRDA:6,0,1,6
BRDA:10,1,0,5
BRDA:10,1,1,1
BRDA:14,2,0,1
BRDA:14,2,1,0
BRF:6
BRH:5
end_of_record
TN:
SF:/home/njoe00/lighthouse1/W7/scheduler/src/components/InterviewerList.js
FN:8,InterviewerList
FN:10,(anonymous_1)
FN:17,(anonymous_2)
FNF:3
FNH:3
FNDA:14,InterviewerList
FNDA:17,(anonymous_1)
FNDA:1,(anonymous_2)
DA:10,14
DA:11,17
DA:17,1
DA:22,14
DA:31,3
LF:5
LH:5
BRF:0
BRH:0
end_of_record
TN:
SF:/home/njoe00/lighthouse1/W7/scheduler/src/components/InterviewerListItem.js
FN:5,InterviewerListItem
FNF:1
FNH:1
FNDA:17,InterviewerListItem
DA:6,17
DA:10,17
DA:15,17
LF:3
LH:3
BRDA:24,0,0,17
BRDA:24,0,1,5
BRF:2
BRH:2
end_of_record
TN:
SF:/home/njoe00/lighthouse1/W7/scheduler/src/components/Appointment/Confirm.js
FN:4,Confirm
FNF:1
FNH:0
FNDA:0,Confirm
DA:5,0
LF:1
LH:0
BRF:0
BRH:0
end_of_record
TN:
SF:/home/njoe00/lighthouse1/W7/scheduler/src/components/Appointment/Empty.js
FN:3,Empty
FNF:1
FNH:1
FNDA:1,Empty
DA:4,1
LF:1
LH:1
BRF:0
BRH:0
end_of_record
TN:
SF:/home/njoe00/lighthouse1/W7/scheduler/src/components/Appointment/Error.js
FN:3,Error
FNF:1
FNH:0
FNDA:0,Error
DA:4,0
LF:1
LH:0
BRF:0
BRH:0
end_of_record
TN:
SF:/home/njoe00/lighthouse1/W7/scheduler/src/components/Appointment/Form.js
FN:7,Form
FN:13,(anonymous_1)
FN:18,(anonymous_2)
FN:23,validate
FN:37,(anonymous_4)
FN:44,(anonymous_5)
FN:58,(anonymous_6)
FN:59,(anonymous_7)
FNF:8
FNH:7
FNDA:14,Form
FNDA:1,(anonymous_1)
FNDA:1,(anonymous_2)
FNDA:5,validate
FNDA:0,(anonymous_4)
FNDA:3,(anonymous_5)
FNDA:1,(anonymous_6)
FNDA:5,(anonymous_7)
DA:9,14
DA:10,14
DA:11,14
DA:13,14
DA:14,1
DA:15,1
DA:18,14
DA:19,1
DA:20,1
DA:25,5
DA:26,2
DA:27,2
DA:30,3
DA:31,3
DA:34,14
DA:37,0
DA:44,3
DA:58,1
DA:59,5
LF:19
LH:18
BRDA:9,0,0,14
BRDA:9,0,1,10
BRDA:10,1,0,14
BRDA:10,1,1,10
BRDA:25,2,0,2
BRDA:25,2,1,3
BRF:6
BRH:6
end_of_record
TN:
SF:/home/njoe00/lighthouse1/W7/scheduler/src/components/Appointment/Header.js
FN:5,Header
FNF:1
FNH:1
FNDA:8,Header
DA:6,8
LF:1
LH:1
BRF:0
BRH:0
end_of_record
TN:
SF:/home/njoe00/lighthouse1/W7/scheduler/src/components/Appointment/Show.js
FN:4,shows
FNF:1
FNH:1
FNDA:3,shows
DA:5,3
DA:6,3
DA:7,3
LF:3
LH:3
BRDA:5,0,0,3
BRDA:5,0,1,3
BRDA:6,1,0,3
BRDA:6,1,1,3
BRDA:6,1,2,3
BRF:5
BRH:5
end_of_record
TN:
SF:/home/njoe00/lighthouse1/W7/scheduler/src/components/Appointment/Status.js
FN:4,Status
FNF:1
FNH:1
FNDA:3,Status
DA:5,3
LF:1
LH:1
BRF:0
BRH:0
end_of_record
TN:
SF:/home/njoe00/lighthouse1/W7/scheduler/src/components/Appointment/index.js
FN:23,Appointment
FN:28,save
FN:38,(anonymous_2)
FN:39,(anonymous_3)
FN:42,remove
FN:45,(anonymous_5)
FN:46,(anonymous_6)
FN:52,(anonymous_7)
FN:58,(anonymous_8)
FN:59,(anonymous_9)
FN:67,(anonymous_10)
FN:74,(anonymous_11)
FN:83,(anonymous_12)
FNF:13
FNH:4
FNDA:8,Appointment
FNDA:1,save
FNDA:1,(anonymous_2)
FNDA:0,(anonymous_3)
FNDA:0,remove
FNDA:0,(anonymous_5)
FNDA:0,(anonymous_6)
FNDA:1,(anonymous_7)
FNDA:0,(anonymous_8)
FNDA:0,(anonymous_9)
FNDA:0,(anonymous_10)
FNDA:0,(anonymous_11)
FNDA:0,(anonymous_12)
DA:12,2
DA:13,2
DA:14,2
DA:15,2
DA:16,2
DA:17,2
DA:18,2
DA:19,2
DA:20,2
DA:24,8
DA:30,1
DA:35,1
DA:37,1
DA:38,1
DA:39,0
DA:43,0
DA:44,0
DA:45,0
DA:46,0
DA:49,8
DA:52,1
DA:58,0
DA:59,0
DA:67,0
DA:74,0
DA:83,0
LF:26
LH:16
BRDA:25,0,0,5
BRDA:25,0,1,3
BRDA:52,1,0,8
BRDA:52,1,1,1
BRDA:53,2,0,8
BRDA:53,2,1,3
BRDA:55,3,0,3
BRDA:55,3,1,3
BRDA:56,4,0,3
BRDA:56,4,1,3
BRDA:62,5,0,8
BRDA:62,5,1,3
BRDA:63,6,0,8
BRDA:63,6,1,1
BRDA:71,7,0,8
BRDA:71,7,1,0
BRDA:77,8,0,8
BRDA:77,8,1,0
BRDA:78,9,0,8
BRDA:78,9,1,0
BRDA:80,10,0,0
BRDA:80,10,1,0
BRDA:86,11,0,8
BRDA:86,11,1,0
BRF:24
BRH:18
end_of_record
TN:
SF:/home/njoe00/lighthouse1/W7/scheduler/src/helpers/selectors.js
FN:4,(anonymous_0)
FN:8,(anonymous_1)
FN:10,(anonymous_2)
FN:14,(anonymous_3)
FN:15,(anonymous_4)
FN:22,(anonymous_5)
FN:36,(anonymous_6)
FN:39,(anonymous_7)
FN:41,(anonymous_8)
FN:45,(anonymous_9)
FN:46,(anonymous_10)
FNF:11
FNH:11
FNDA:9,(anonymous_0)
FNDA:14,(anonymous_1)
FNDA:12,(anonymous_2)
FNDA:9,(anonymous_3)
FNDA:12,(anonymous_4)
FNDA:6,(anonymous_5)
FNDA:7,(anonymous_6)
FNDA:10,(anonymous_7)
FNDA:12,(anonymous_8)
FNDA:7,(anonymous_9)
FNDA:12,(anonymous_10)
DA:4,2
DA:6,9
DA:8,9
DA:9,14
DA:10,12
DA:14,9
DA:15,12
DA:16,9
DA:18,9
DA:22,2
DA:23,6
DA:24,2
DA:26,4
DA:28,4
DA:32,4
DA:36,2
DA:38,7
DA:39,7
DA:40,10
DA:41,12
DA:45,7
DA:46,12
DA:47,7
DA:49,7
LF:24
LH:24
BRDA:9,0,0,5
BRDA:9,0,1,9
BRDA:23,1,0,2
BRDA:23,1,1,4
BRDA:40,2,0,5
BRDA:40,2,1,5
BRF:6
BRH:6
end_of_record
TN:
SF:/home/njoe00/lighthouse1/W7/scheduler/src/hooks/useVisualMode.js
FN:3,useVisualMode
FN:7,(anonymous_1)
FN:9,(anonymous_2)
FN:15,(anonymous_3)
FN:20,(anonymous_4)
FNF:5
FNH:5
FNDA:22,useVisualMode
FNDA:8,(anonymous_1)
FNDA:1,(anonymous_2)
FNDA:7,(anonymous_3)
FNDA:5,(anonymous_4)
DA:4,22
DA:5,22
DA:7,22
DA:8,8
DA:9,1
DA:10,1
DA:11,1
DA:12,1
DA:15,7
DA:17,8
DA:20,22
DA:21,5
DA:22,3
DA:23,3
DA:27,22
LF:15
LH:15
BRDA:7,0,0,7
BRDA:8,1,0,1
BRDA:8,1,1,7
BRDA:21,2,0,3
BRDA:21,2,1,2
BRF:5
BRH:5
end_of_record
TN:
SF:/home/njoe00/lighthouse1/W7/scheduler/src/hooks/userApplicationData.js
FN:4,useApplicationData
FN:12,(anonymous_1)
FN:13,(anonymous_2)
FN:18,(anonymous_3)
FN:23,(anonymous_4)
FN:24,(anonymous_5)
FN:36,cancelInterview
FN:47,(anonymous_7)
FN:48,(anonymous_8)
FN:55,spotsRemaining
FN:57,bookInterview
FN:70,(anonymous_11)
FN:71,(anonymous_12)
FNF:13
FNH:7
FNDA:3,useApplicationData
FNDA:0,(anonymous_1)
FNDA:0,(anonymous_2)
FNDA:1,(anonymous_3)
FNDA:1,(anonymous_4)
FNDA:1,(anonymous_5)
FNDA:0,cancelInterview
FNDA:0,(anonymous_7)
FNDA:0,(anonymous_8)
FNDA:0,spotsRemaining
FNDA:1,bookInterview
FNDA:1,(anonymous_11)
FNDA:1,(anonymous_12)
DA:5,3
DA:12,3
DA:13,0
DA:14,0
DA:15,0
DA:18,3
DA:19,1
DA:24,1
DA:25,1
DA:31,1
DA:37,0
DA:42,0
DA:47,0
DA:48,0
DA:49,0
DA:50,0
DA:58,1
DA:60,1
DA:65,1
DA:70,1
DA:71,1
DA:72,1
DA:73,1
DA:78,3
LF:24
LH:15
BRF:0
BRH:0
end_of_record
